<?xml version="1.0" encoding="UTF-8"?>
<!-- Generated by org.testng.reporters.JUnitReportReporter -->
<testsuite hostname="Jareds-MacBook-Air.local" failures="0" tests="3" name="Login.ErrorValidationsTest" time="172.467" errors="0" timestamp="2024-07-06T22:15:55 CDT" skipped="1">
  <testcase classname="Login.ErrorValidationsTest" name="getLoginErrorMessage" time="91.758">
    <skipped/>
  </testcase> <!-- getLoginErrorMessage -->
  <testcase classname="Login.ErrorValidationsTest" name="getLoginErrorMessage" time="23.656"/>
  <testcase classname="Login.ErrorValidationsTest" name="verifyProductName" time="57.053"/>
</testsuite> <!-- Login.ErrorValidationsTest -->
