<?xml version="1.0" encoding="UTF-8"?>
<!-- Generated by org.testng.reporters.JUnitReportReporter -->
<testsuite hostname="Jareds-MacBook-Air.local" failures="0" tests="1" name="cucumberfeatures.TestNGTestRunner" time="23.656" errors="0" timestamp="2024-07-07T14:00:47 CDT" skipped="0">
  <testcase classname="cucumberfeatures.TestNGTestRunner" name="runScenario" time="23.656"/>
</testsuite> <!-- cucumberfeatures.TestNGTestRunner -->
