<?xml version="1.0" encoding="UTF-8"?>
<!-- Generated by org.testng.reporters.JUnitReportReporter -->
<testsuite hostname="Jareds-MacBook-Air.local" failures="0" tests="3" name="Orders.SumbitOrderTest" time="190.553" errors="0" timestamp="2024-07-06T22:15:55 CDT" skipped="0">
  <testcase classname="Orders.SumbitOrderTest" name="orderHistoryTest" time="41.665"/>
  <testcase classname="Orders.SumbitOrderTest" name="submitOrder" time="69.017"/>
  <testcase classname="Orders.SumbitOrderTest" name="submitOrder" time="79.871"/>
</testsuite> <!-- Orders.SumbitOrderTest -->
